2023-02-27 19:10:47.327  WARN 45602 --- [restartedMain] JpaBaseConfiguration$JpaWebConfiguration : spring.jpa.open-in-view is enabled by default. Therefore, database queries may be performed during view rendering. Explicitly configure spring.jpa.open-in-view to disable this warning
2023-02-27 19:10:47.888 DEBUG 45602 --- [restartedMain] edFilterInvocationSecurityMetadataSource : Adding web access control expression 'hasRole('ROLE_USER')', for Ant [pattern='/design']
2023-02-27 19:10:47.890 DEBUG 45602 --- [restartedMain] edFilterInvocationSecurityMetadataSource : Adding web access control expression 'hasRole('ROLE_USER')', for Ant [pattern='/orders']
2023-02-27 19:10:47.890 DEBUG 45602 --- [restartedMain] edFilterInvocationSecurityMetadataSource : Adding web access control expression 'permitAll', for Ant [pattern='/']
2023-02-27 19:10:47.891 DEBUG 45602 --- [restartedMain] edFilterInvocationSecurityMetadataSource : Adding web access control expression 'permitAll', for Ant [pattern='/**']
2023-02-27 19:10:47.895 DEBUG 45602 --- [restartedMain] o.s.s.w.a.i.FilterSecurityInterceptor    : Validated configuration attributes
2023-02-27 19:10:47.896 DEBUG 45602 --- [restartedMain] o.s.s.w.a.i.FilterSecurityInterceptor    : Validated configuration attributes
2023-02-27 19:10:47.915  INFO 45602 --- [restartedMain] o.s.s.web.DefaultSecurityFilterChain     : Creating filter chain: any request, [org.springframework.security.web.context.request.async.WebAsyncManagerIntegrationFilter@3bb2f15b, org.springframework.security.web.context.SecurityContextPersistenceFilter@27c558e, org.springframework.security.web.header.HeaderWriterFilter@79e43512, org.springframework.security.web.csrf.CsrfFilter@5be7fbaa, org.springframework.security.web.authentication.logout.LogoutFilter@1c2b19ad, org.springframework.security.web.authentication.UsernamePasswordAuthenticationFilter@2f4e754e, org.springframework.security.web.savedrequest.RequestCacheAwareFilter@6f110c82, org.springframework.security.web.servletapi.SecurityContextHolderAwareRequestFilter@78c8adee, org.springframework.security.web.authentication.AnonymousAuthenticationFilter@3ac3c44f, org.springframework.security.web.session.SessionManagementFilter@a69f5ae, org.springframework.security.web.access.ExceptionTranslationFilter@1e584440, org.springframework.security.web.access.intercept.FilterSecurityInterceptor@7f74f197]
2023-02-27 19:11:04.726 DEBUG 45602 --- [https-jsse-nio-8443-exec-3] o.s.security.web.FilterChainProxy        : /login at position 1 of 12 in additional filter chain; firing Filter: 'WebAsyncManagerIntegrationFilter'
2023-02-27 19:11:04.729 DEBUG 45602 --- [https-jsse-nio-8443-exec-3] o.s.security.web.FilterChainProxy        : /login at position 2 of 12 in additional filter chain; firing Filter: 'SecurityContextPersistenceFilter'
2023-02-27 19:11:04.731 DEBUG 45602 --- [https-jsse-nio-8443-exec-3] w.c.HttpSessionSecurityContextRepository : HttpSession returned null object for SPRING_SECURITY_CONTEXT
2023-02-27 19:11:04.731 DEBUG 45602 --- [https-jsse-nio-8443-exec-3] w.c.HttpSessionSecurityContextRepository : No SecurityContext was available from the HttpSession: org.apache.catalina.session.StandardSessionFacade@65f990ea. A new one will be created.
2023-02-27 19:11:04.734 DEBUG 45602 --- [https-jsse-nio-8443-exec-3] o.s.security.web.FilterChainProxy        : /login at position 3 of 12 in additional filter chain; firing Filter: 'HeaderWriterFilter'
2023-02-27 19:11:04.735 DEBUG 45602 --- [https-jsse-nio-8443-exec-3] o.s.security.web.FilterChainProxy        : /login at position 4 of 12 in additional filter chain; firing Filter: 'CsrfFilter'
2023-02-27 19:11:04.736 DEBUG 45602 --- [https-jsse-nio-8443-exec-3] o.s.security.web.FilterChainProxy        : /login at position 5 of 12 in additional filter chain; firing Filter: 'LogoutFilter'
2023-02-27 19:11:04.736 DEBUG 45602 --- [https-jsse-nio-8443-exec-3] o.s.s.w.u.matcher.AntPathRequestMatcher  : Request 'GET /login' doesn't match 'POST /logout'
2023-02-27 19:11:04.736 DEBUG 45602 --- [https-jsse-nio-8443-exec-3] o.s.security.web.FilterChainProxy        : /login at position 6 of 12 in additional filter chain; firing Filter: 'UsernamePasswordAuthenticationFilter'
2023-02-27 19:11:04.736 DEBUG 45602 --- [https-jsse-nio-8443-exec-3] o.s.s.w.u.matcher.AntPathRequestMatcher  : Request 'GET /login' doesn't match 'POST /login'
2023-02-27 19:11:04.736 DEBUG 45602 --- [https-jsse-nio-8443-exec-3] o.s.security.web.FilterChainProxy        : /login at position 7 of 12 in additional filter chain; firing Filter: 'RequestCacheAwareFilter'
2023-02-27 19:11:04.737 DEBUG 45602 --- [https-jsse-nio-8443-exec-3] o.s.s.w.s.DefaultSavedRequest            : pathInfo: both null (property equals)
2023-02-27 19:11:04.737 DEBUG 45602 --- [https-jsse-nio-8443-exec-3] o.s.s.w.s.DefaultSavedRequest            : queryString: both null (property equals)
2023-02-27 19:11:04.737 DEBUG 45602 --- [https-jsse-nio-8443-exec-3] o.s.s.w.s.DefaultSavedRequest            : requestURI: arg1=/design; arg2=/login (property not equals)
2023-02-27 19:11:04.737 DEBUG 45602 --- [https-jsse-nio-8443-exec-3] o.s.s.w.s.HttpSessionRequestCache        : saved request doesn't match
2023-02-27 19:11:04.737 DEBUG 45602 --- [https-jsse-nio-8443-exec-3] o.s.security.web.FilterChainProxy        : /login at position 8 of 12 in additional filter chain; firing Filter: 'SecurityContextHolderAwareRequestFilter'
2023-02-27 19:11:04.739 DEBUG 45602 --- [https-jsse-nio-8443-exec-3] o.s.security.web.FilterChainProxy        : /login at position 9 of 12 in additional filter chain; firing Filter: 'AnonymousAuthenticationFilter'
2023-02-27 19:11:04.740 DEBUG 45602 --- [https-jsse-nio-8443-exec-3] o.s.s.w.a.AnonymousAuthenticationFilter  : Populated SecurityContextHolder with anonymous token: 'org.springframework.security.authentication.AnonymousAuthenticationToken@e625dc93: Principal: anonymousUser; Credentials: [PROTECTED]; Authenticated: true; Details: org.springframework.security.web.authentication.WebAuthenticationDetails@21a2c: RemoteIpAddress: 0:0:0:0:0:0:0:1; SessionId: 7DE525E64B95B6C2BE45C077B269134D; Granted Authorities: ROLE_ANONYMOUS'
2023-02-27 19:11:04.741 DEBUG 45602 --- [https-jsse-nio-8443-exec-3] o.s.security.web.FilterChainProxy        : /login at position 10 of 12 in additional filter chain; firing Filter: 'SessionManagementFilter'
2023-02-27 19:11:04.742 DEBUG 45602 --- [https-jsse-nio-8443-exec-3] o.s.security.web.FilterChainProxy        : /login at position 11 of 12 in additional filter chain; firing Filter: 'ExceptionTranslationFilter'
2023-02-27 19:11:04.742 DEBUG 45602 --- [https-jsse-nio-8443-exec-3] o.s.security.web.FilterChainProxy        : /login at position 12 of 12 in additional filter chain; firing Filter: 'FilterSecurityInterceptor'
2023-02-27 19:11:04.744 DEBUG 45602 --- [https-jsse-nio-8443-exec-3] o.s.s.w.u.matcher.AntPathRequestMatcher  : Checking match of request : '/login'; against '/design'
2023-02-27 19:11:04.744 DEBUG 45602 --- [https-jsse-nio-8443-exec-3] o.s.s.w.u.matcher.AntPathRequestMatcher  : Checking match of request : '/login'; against '/orders'
2023-02-27 19:11:04.744 DEBUG 45602 --- [https-jsse-nio-8443-exec-3] o.s.s.w.u.matcher.AntPathRequestMatcher  : Checking match of request : '/login'; against '/'
2023-02-27 19:11:04.744 DEBUG 45602 --- [https-jsse-nio-8443-exec-3] o.s.s.w.u.matcher.AntPathRequestMatcher  : Request '/login' matched by universal pattern '/**'
2023-02-27 19:11:04.744 DEBUG 45602 --- [https-jsse-nio-8443-exec-3] o.s.s.w.a.i.FilterSecurityInterceptor    : Secure object: FilterInvocation: URL: /login; Attributes: [permitAll]
2023-02-27 19:11:04.744 DEBUG 45602 --- [https-jsse-nio-8443-exec-3] o.s.s.w.a.i.FilterSecurityInterceptor    : Previously Authenticated: org.springframework.security.authentication.AnonymousAuthenticationToken@e625dc93: Principal: anonymousUser; Credentials: [PROTECTED]; Authenticated: true; Details: org.springframework.security.web.authentication.WebAuthenticationDetails@21a2c: RemoteIpAddress: 0:0:0:0:0:0:0:1; SessionId: 7DE525E64B95B6C2BE45C077B269134D; Granted Authorities: ROLE_ANONYMOUS
2023-02-27 19:11:04.753 DEBUG 45602 --- [https-jsse-nio-8443-exec-3] o.s.s.access.vote.AffirmativeBased       : Voter: org.springframework.security.web.access.expression.WebExpressionVoter@7cc48155, returned: 1
2023-02-27 19:11:04.753 DEBUG 45602 --- [https-jsse-nio-8443-exec-3] o.s.s.w.a.i.FilterSecurityInterceptor    : Authorization successful
2023-02-27 19:11:04.754 DEBUG 45602 --- [https-jsse-nio-8443-exec-3] o.s.s.w.a.i.FilterSecurityInterceptor    : RunAsManager did not change Authentication object
2023-02-27 19:11:04.754 DEBUG 45602 --- [https-jsse-nio-8443-exec-3] o.s.security.web.FilterChainProxy        : /login reached end of additional filter chain; proceeding with original chain
2023-02-27 19:11:05.130 DEBUG 45602 --- [https-jsse-nio-8443-exec-3] w.c.HttpSessionSecurityContextRepository : SecurityContext is empty or contents are anonymous - context will not be stored in HttpSession.
2023-02-27 19:11:05.139 DEBUG 45602 --- [https-jsse-nio-8443-exec-3] o.s.s.w.a.ExceptionTranslationFilter     : Chain processed normally
2023-02-27 19:11:05.140 DEBUG 45602 --- [https-jsse-nio-8443-exec-3] s.s.w.c.SecurityContextPersistenceFilter : SecurityContextHolder now cleared, as request processing completed
2023-02-27 19:11:05.163 DEBUG 45602 --- [https-jsse-nio-8443-exec-4] o.s.security.web.FilterChainProxy        : /images/TacoCloud.png at position 1 of 12 in additional filter chain; firing Filter: 'WebAsyncManagerIntegrationFilter'
2023-02-27 19:11:05.163 DEBUG 45602 --- [https-jsse-nio-8443-exec-4] o.s.security.web.FilterChainProxy        : /images/TacoCloud.png at position 2 of 12 in additional filter chain; firing Filter: 'SecurityContextPersistenceFilter'
2023-02-27 19:11:05.163 DEBUG 45602 --- [https-jsse-nio-8443-exec-4] w.c.HttpSessionSecurityContextRepository : HttpSession returned null object for SPRING_SECURITY_CONTEXT
2023-02-27 19:11:05.164 DEBUG 45602 --- [https-jsse-nio-8443-exec-4] w.c.HttpSessionSecurityContextRepository : No SecurityContext was available from the HttpSession: org.apache.catalina.session.StandardSessionFacade@65f990ea. A new one will be created.
2023-02-27 19:11:05.164 DEBUG 45602 --- [https-jsse-nio-8443-exec-4] o.s.security.web.FilterChainProxy        : /images/TacoCloud.png at position 3 of 12 in additional filter chain; firing Filter: 'HeaderWriterFilter'
2023-02-27 19:11:05.164 DEBUG 45602 --- [https-jsse-nio-8443-exec-4] o.s.security.web.FilterChainProxy        : /images/TacoCloud.png at position 4 of 12 in additional filter chain; firing Filter: 'CsrfFilter'
2023-02-27 19:11:05.164 DEBUG 45602 --- [https-jsse-nio-8443-exec-4] o.s.security.web.FilterChainProxy        : /images/TacoCloud.png at position 5 of 12 in additional filter chain; firing Filter: 'LogoutFilter'
2023-02-27 19:11:05.164 DEBUG 45602 --- [https-jsse-nio-8443-exec-4] o.s.s.w.u.matcher.AntPathRequestMatcher  : Request 'GET /images/TacoCloud.png' doesn't match 'POST /logout'
2023-02-27 19:11:05.164 DEBUG 45602 --- [https-jsse-nio-8443-exec-4] o.s.security.web.FilterChainProxy        : /images/TacoCloud.png at position 6 of 12 in additional filter chain; firing Filter: 'UsernamePasswordAuthenticationFilter'
2023-02-27 19:11:05.164 DEBUG 45602 --- [https-jsse-nio-8443-exec-4] o.s.s.w.u.matcher.AntPathRequestMatcher  : Request 'GET /images/TacoCloud.png' doesn't match 'POST /login'
2023-02-27 19:11:05.165 DEBUG 45602 --- [https-jsse-nio-8443-exec-4] o.s.security.web.FilterChainProxy        : /images/TacoCloud.png at position 7 of 12 in additional filter chain; firing Filter: 'RequestCacheAwareFilter'
2023-02-27 19:11:05.165 DEBUG 45602 --- [https-jsse-nio-8443-exec-4] o.s.s.w.s.DefaultSavedRequest            : pathInfo: both null (property equals)
2023-02-27 19:11:05.165 DEBUG 45602 --- [https-jsse-nio-8443-exec-4] o.s.s.w.s.DefaultSavedRequest            : queryString: both null (property equals)
2023-02-27 19:11:05.166 DEBUG 45602 --- [https-jsse-nio-8443-exec-4] o.s.s.w.s.DefaultSavedRequest            : requestURI: arg1=/design; arg2=/images/TacoCloud.png (property not equals)
2023-02-27 19:11:05.166 DEBUG 45602 --- [https-jsse-nio-8443-exec-4] o.s.s.w.s.HttpSessionRequestCache        : saved request doesn't match
2023-02-27 19:11:05.166 DEBUG 45602 --- [https-jsse-nio-8443-exec-4] o.s.security.web.FilterChainProxy        : /images/TacoCloud.png at position 8 of 12 in additional filter chain; firing Filter: 'SecurityContextHolderAwareRequestFilter'
2023-02-27 19:11:05.166 DEBUG 45602 --- [https-jsse-nio-8443-exec-4] o.s.security.web.FilterChainProxy        : /images/TacoCloud.png at position 9 of 12 in additional filter chain; firing Filter: 'AnonymousAuthenticationFilter'
2023-02-27 19:11:05.166 DEBUG 45602 --- [https-jsse-nio-8443-exec-4] o.s.s.w.a.AnonymousAuthenticationFilter  : Populated SecurityContextHolder with anonymous token: 'org.springframework.security.authentication.AnonymousAuthenticationToken@e625dc93: Principal: anonymousUser; Credentials: [PROTECTED]; Authenticated: true; Details: org.springframework.security.web.authentication.WebAuthenticationDetails@21a2c: RemoteIpAddress: 0:0:0:0:0:0:0:1; SessionId: 7DE525E64B95B6C2BE45C077B269134D; Granted Authorities: ROLE_ANONYMOUS'
2023-02-27 19:11:05.166 DEBUG 45602 --- [https-jsse-nio-8443-exec-4] o.s.security.web.FilterChainProxy        : /images/TacoCloud.png at position 10 of 12 in additional filter chain; firing Filter: 'SessionManagementFilter'
2023-02-27 19:11:05.167 DEBUG 45602 --- [https-jsse-nio-8443-exec-4] o.s.security.web.FilterChainProxy        : /images/TacoCloud.png at position 11 of 12 in additional filter chain; firing Filter: 'ExceptionTranslationFilter'
2023-02-27 19:11:05.167 DEBUG 45602 --- [https-jsse-nio-8443-exec-4] o.s.security.web.FilterChainProxy        : /images/TacoCloud.png at position 12 of 12 in additional filter chain; firing Filter: 'FilterSecurityInterceptor'
2023-02-27 19:11:05.167 DEBUG 45602 --- [https-jsse-nio-8443-exec-4] o.s.s.w.u.matcher.AntPathRequestMatcher  : Checking match of request : '/images/TacoCloud.png'; against '/design'
2023-02-27 19:11:05.167 DEBUG 45602 --- [https-jsse-nio-8443-exec-4] o.s.s.w.u.matcher.AntPathRequestMatcher  : Checking match of request : '/images/TacoCloud.png'; against '/orders'
2023-02-27 19:11:05.167 DEBUG 45602 --- [https-jsse-nio-8443-exec-4] o.s.s.w.u.matcher.AntPathRequestMatcher  : Checking match of request : '/images/TacoCloud.png'; against '/'
2023-02-27 19:11:05.167 DEBUG 45602 --- [https-jsse-nio-8443-exec-4] o.s.s.w.u.matcher.AntPathRequestMatcher  : Request '/images/TacoCloud.png' matched by universal pattern '/**'
2023-02-27 19:11:05.167 DEBUG 45602 --- [https-jsse-nio-8443-exec-4] o.s.s.w.a.i.FilterSecurityInterceptor    : Secure object: FilterInvocation: URL: /images/TacoCloud.png; Attributes: [permitAll]
2023-02-27 19:11:05.167 DEBUG 45602 --- [https-jsse-nio-8443-exec-4] o.s.s.w.a.i.FilterSecurityInterceptor    : Previously Authenticated: org.springframework.security.authentication.AnonymousAuthenticationToken@e625dc93: Principal: anonymousUser; Credentials: [PROTECTED]; Authenticated: true; Details: org.springframework.security.web.authentication.WebAuthenticationDetails@21a2c: RemoteIpAddress: 0:0:0:0:0:0:0:1; SessionId: 7DE525E64B95B6C2BE45C077B269134D; Granted Authorities: ROLE_ANONYMOUS
2023-02-27 19:11:05.168 DEBUG 45602 --- [https-jsse-nio-8443-exec-4] o.s.s.access.vote.AffirmativeBased       : Voter: org.springframework.security.web.access.expression.WebExpressionVoter@7cc48155, returned: 1
2023-02-27 19:11:05.168 DEBUG 45602 --- [https-jsse-nio-8443-exec-4] o.s.s.w.a.i.FilterSecurityInterceptor    : Authorization successful
2023-02-27 19:11:05.168 DEBUG 45602 --- [https-jsse-nio-8443-exec-4] o.s.s.w.a.i.FilterSecurityInterceptor    : RunAsManager did not change Authentication object
2023-02-27 19:11:05.168 DEBUG 45602 --- [https-jsse-nio-8443-exec-4] o.s.security.web.FilterChainProxy        : /images/TacoCloud.png reached end of additional filter chain; proceeding with original chain
2023-02-27 19:11:05.192 DEBUG 45602 --- [https-jsse-nio-8443-exec-4] w.c.HttpSessionSecurityContextRepository : SecurityContext is empty or contents are anonymous - context will not be stored in HttpSession.
2023-02-27 19:11:05.220 DEBUG 45602 --- [https-jsse-nio-8443-exec-4] o.s.s.w.a.ExceptionTranslationFilter     : Chain processed normally
2023-02-27 19:11:05.220 DEBUG 45602 --- [https-jsse-nio-8443-exec-4] s.s.w.c.SecurityContextPersistenceFilter : SecurityContextHolder now cleared, as request processing completed
2023-02-27 19:11:38.436  WARN 45602 --- [SpringContextShutdownHook] o.s.b.f.support.DisposableBeanAdapter    : Invocation of destroy method failed on bean with name 'inMemoryDatabaseShutdownExecutor': org.h2.jdbc.JdbcSQLException: Database is already closed (to disable automatic closing at VM shutdown, add ";DB_CLOSE_ON_EXIT=FALSE" to the db URL) [90121-196]
